Using pre-set license
Built from '2020.3/staging' branch; Version is '2020.3.17f1 (a4537701e4ab) revision 10769271'; Using compiler version '192528614'; Build Type 'Release'
OS: 'Windows 10 Pro; OS build 19042.1586; Version 2009; 64bit' Language: 'en' Physical Memory: 32498 MB
BatchMode: 1, IsHumanControllingUs: 0, StartBugReporterOnCrash: 0, Is64bit: 1, IsPro: 0

COMMAND LINE ARGUMENTS:
D:\Program Files\2020.3.17f1\Editor\Unity.exe
-adb2
-batchMode
-noUpm
-name
AssetImportWorker0
-projectPath
E:/SIM 150 Game Systems/HeroBorn_AEVersion_SetDressing2/HeroBornAEVer
-logFile
Logs/AssetImportWorker0.log
-srvPort
62832
Successfully changed project path to: E:/SIM 150 Game Systems/HeroBorn_AEVersion_SetDressing2/HeroBornAEVer
E:/SIM 150 Game Systems/HeroBorn_AEVersion_SetDressing2/HeroBornAEVer
Using Asset Import Pipeline V2.
Refreshing native plugins compatible for Editor in 27.00 ms, found 2 plugins.
Preloading 0 native plugins for Editor in 0.00 ms.
Initialize engine version: 2020.3.17f1 (a4537701e4ab)
[Subsystems] Discovering subsystems at path D:/Program Files/2020.3.17f1/Editor/Data/Resources/UnitySubsystems
[Subsystems] Discovering subsystems at path E:/SIM 150 Game Systems/HeroBorn_AEVersion_SetDressing2/HeroBornAEVer/Assets
GfxDevice: creating device client; threaded=0
Direct3D:
    Version:  Direct3D 11.0 [level 11.1]
    Renderer: Radeon (TM) RX 560X (ID=0x67ff)
    Vendor:   
    VRAM:     4076 MB
    Driver:   30.0.13023.4001
Initialize mono
Mono path[0] = 'D:/Program Files/2020.3.17f1/Editor/Data/Managed'
Mono path[1] = 'D:/Program Files/2020.3.17f1/Editor/Data/MonoBleedingEdge/lib/mono/unityjit'
Mono config path = 'D:/Program Files/2020.3.17f1/Editor/Data/MonoBleedingEdge/etc'
Using monoOptions --debugger-agent=transport=dt_socket,embedding=1,server=y,suspend=n,address=127.0.0.1:56140
Begin MonoManager ReloadAssembly
Registering precompiled unity dll's ...
Register platform support module: D:/Program Files/2020.3.17f1/Editor/Data/PlaybackEngines/WebGLSupport/UnityEditor.WebGL.Extensions.dll
Register platform support module: D:/Program Files/2020.3.17f1/Editor/Data/PlaybackEngines/WindowsStandaloneSupport/UnityEditor.WindowsStandalone.Extensions.dll
Registered in 0.000961 seconds.
Native extension for WindowsStandalone target not found
Native extension for WebGL target not found
Refreshing native plugins compatible for Editor in 26.10 ms, found 2 plugins.
Preloading 0 native plugins for Editor in 0.00 ms.
Mono: successfully reloaded assembly
- Completed reload, in  0.733 seconds
Domain Reload Profiling:
	ReloadAssembly (733ms)
		BeginReloadAssembly (39ms)
			ExecutionOrderSort (0ms)
			DisableScriptedObjects (0ms)
			BackupInstance (0ms)
			ReleaseScriptingObjects (0ms)
			CreateAndSetChildDomain (1ms)
		EndReloadAssembly (319ms)
			LoadAssemblies (38ms)
			RebuildTransferFunctionScriptingTraits (0ms)
			SetupTypeCache (116ms)
			ReleaseScriptCaches (0ms)
			RebuildScriptCaches (26ms)
			SetupLoadedEditorAssemblies (125ms)
				LogAssemblyErrors (0ms)
				InitializePlatformSupportModulesInManaged (4ms)
				SetLoadedEditorAssemblies (0ms)
				RefreshPlugins (26ms)
				BeforeProcessingInitializeOnLoad (6ms)
				ProcessInitializeOnLoadAttributes (64ms)
				ProcessInitializeOnLoadMethodAttributes (25ms)
				AfterProcessingInitializeOnLoad (0ms)
				EditorAssembliesLoaded (0ms)
			ExecutionOrderSort2 (0ms)
			AwakeInstancesAfterBackupRestoration (0ms)
Platform modules already initialized, skipping
Registering precompiled user dll's ...
Registered in 0.002507 seconds.
Begin MonoManager ReloadAssembly
Native extension for WindowsStandalone target not found
Native extension for WebGL target not found
Refreshing native plugins compatible for Editor in 0.32 ms, found 2 plugins.
Preloading 0 native plugins for Editor in 0.00 ms.
Mono: successfully reloaded assembly
- Completed reload, in  0.808 seconds
Domain Reload Profiling:
	ReloadAssembly (808ms)
		BeginReloadAssembly (110ms)
			ExecutionOrderSort (0ms)
			DisableScriptedObjects (4ms)
			BackupInstance (0ms)
			ReleaseScriptingObjects (0ms)
			CreateAndSetChildDomain (14ms)
		EndReloadAssembly (654ms)
			LoadAssemblies (63ms)
			RebuildTransferFunctionScriptingTraits (0ms)
			SetupTypeCache (206ms)
			ReleaseScriptCaches (0ms)
			RebuildScriptCaches (32ms)
			SetupLoadedEditorAssemblies (276ms)
				LogAssemblyErrors (0ms)
				InitializePlatformSupportModulesInManaged (4ms)
				SetLoadedEditorAssemblies (0ms)
				RefreshPlugins (0ms)
				BeforeProcessingInitializeOnLoad (39ms)
				ProcessInitializeOnLoadAttributes (227ms)
				ProcessInitializeOnLoadMethodAttributes (3ms)
				AfterProcessingInitializeOnLoad (2ms)
				EditorAssembliesLoaded (0ms)
			ExecutionOrderSort2 (0ms)
			AwakeInstancesAfterBackupRestoration (5ms)
Platform modules already initialized, skipping
========================================================================
Worker process is ready to serve import requests
Launched and connected shader compiler UnityShaderCompiler.exe after 0.05 seconds
Refreshing native plugins compatible for Editor in 0.31 ms, found 2 plugins.
Preloading 0 native plugins for Editor in 0.00 ms.
Unloading 1412 Unused Serialized files (Serialized files now loaded: 0)
System memory in use before: 70.5 MB.
System memory in use after: 70.0 MB.

Unloading 20 unused Assets to reduce memory usage. Loaded Objects now: 1850.
Total: 2.451100 ms (FindLiveObjects: 0.106500 ms CreateObjectMapping: 0.030500 ms MarkObjects: 2.141100 ms  DeleteObjects: 0.172400 ms)

AssetImportParameters requested are different than current active one (requested -> active):
  custom:framework-win-MediaFoundation: 216162199b28c13a410421893ffa2e32 -> 
  custom:video-decoder-ogg-theora: a1e56fd34408186e4bbccfd4996cb3dc -> 
  custom:container-muxer-webm: aa71ff27fc2769a1b78a27578f13a17b -> 
  custom:container-demuxer-webm: 4f35f7cbe854078d1ac9338744f61a02 -> 
  custom:container-demuxer-ogg: 62fdf1f143b41e24485cea50d1cbac27 -> 
  custom:video-encoder-webm-vp8: eb34c28f22e8b96e1ab97ce403110664 -> 
  custom:video-codec-MediaFoundation-h265: 746d11721c4dcdbdad8f713fa42b33f4 -> 
  custom:video-decoder-webm-vp8: 9c59270c3fd7afecdb556c50c9e8de78 -> 
  custom:audio-decoder-ogg-vorbis: bf7c407c2cedff20999df2af8eb42d56 -> 
  custom:audio-encoder-webm-vorbis: bf7c407c2cedff20999df2af8eb42d56 -> 
========================================================================
Received Import Request.
  path: Assets/Street_props/Streetlight/Street_Light_01_4_Old_Prefab.prefab
  artifactKey: Guid(f03500044c996114baaca24a108b0705) Importer(815301076,1909f56bfc062723c751e8b465ee728b)
Start importing Assets/Street_props/Streetlight/Street_Light_01_4_Old_Prefab.prefab using Guid(f03500044c996114baaca24a108b0705) Importer(815301076,1909f56bfc062723c751e8b465ee728b)  -> (artifact id: '339ec69c44c84233097f7520db8d853b') in 0.350171 seconds 
  Import took 0.352621 seconds .

========================================================================
Received Import Request.
  Time since last request: 0.000226 seconds.
  path: Assets/Street_props/Streetlight/Street_Light_02_new_d.tga
  artifactKey: Guid(59879e89b78afad4581ae73687968358) Importer(815301076,1909f56bfc062723c751e8b465ee728b)
Start importing Assets/Street_props/Streetlight/Street_Light_02_new_d.tga using Guid(59879e89b78afad4581ae73687968358) Importer(815301076,1909f56bfc062723c751e8b465ee728b)  -> (artifact id: 'e9c0bb90806820ed7bdf21072519e1d2') in 0.035091 seconds 
  Import took 0.036943 seconds .

========================================================================
Received Import Request.
  Time since last request: 0.000231 seconds.
  path: Assets/Street_props/Streetlight/Street_Light_02_1_Old_Prefab.prefab
  artifactKey: Guid(783afba8e3d3677488b8358e3becf11c) Importer(815301076,1909f56bfc062723c751e8b465ee728b)
Start importing Assets/Street_props/Streetlight/Street_Light_02_1_Old_Prefab.prefab using Guid(783afba8e3d3677488b8358e3becf11c) Importer(815301076,1909f56bfc062723c751e8b465ee728b)  -> (artifact id: 'f37d67038127140eb4bd2ccdbaa4e69e') in 0.255527 seconds 
  Import took 0.257741 seconds .

========================================================================
Received Import Request.
  Time since last request: 0.000230 seconds.
  path: Assets/Street_props/Streetlight/Street_Light_02_N.tga
  artifactKey: Guid(ebd8c822a727adc46bf2fe17955e51cd) Importer(815301076,1909f56bfc062723c751e8b465ee728b)
Start importing Assets/Street_props/Streetlight/Street_Light_02_N.tga using Guid(ebd8c822a727adc46bf2fe17955e51cd) Importer(815301076,1909f56bfc062723c751e8b465ee728b)  -> (artifact id: '32c63406f6a97c77a2cdc2b4614e6416') in 0.027302 seconds 
  Import took 0.029047 seconds .

========================================================================
Received Import Request.
  Time since last request: 0.000151 seconds.
  path: Assets/Street_props/Streetlight/Street_Light_01_3_Old_Prefab.prefab
  artifactKey: Guid(d317c92210031704096209095c709877) Importer(815301076,1909f56bfc062723c751e8b465ee728b)
Start importing Assets/Street_props/Streetlight/Street_Light_01_3_Old_Prefab.prefab using Guid(d317c92210031704096209095c709877) Importer(815301076,1909f56bfc062723c751e8b465ee728b)  -> (artifact id: 'd3f8a6a7822e74756d933fb582e11162') in 0.044134 seconds 
  Import took 0.046955 seconds .

========================================================================
Received Import Request.
  Time since last request: 0.000249 seconds.
  path: Assets/Street_props/Streetlight/Street_Light_02_New.mat
  artifactKey: Guid(bc17a6bf917c5ba45a6fc287686da0f5) Importer(815301076,1909f56bfc062723c751e8b465ee728b)
Start importing Assets/Street_props/Streetlight/Street_Light_02_New.mat using Guid(bc17a6bf917c5ba45a6fc287686da0f5) Importer(815301076,1909f56bfc062723c751e8b465ee728b)  -> (artifact id: '047947c2f6b830b9ef1824f5f614d51e') in 0.047865 seconds 
  Import took 0.050195 seconds .

========================================================================
Received Import Request.
  Time since last request: 0.000223 seconds.
  path: Assets/Street_props/Streetlight/Street_Light_01_5_Old_Prefab.prefab
  artifactKey: Guid(a5670d94adfba1546b79eab5d5d4077a) Importer(815301076,1909f56bfc062723c751e8b465ee728b)
Start importing Assets/Street_props/Streetlight/Street_Light_01_5_Old_Prefab.prefab using Guid(a5670d94adfba1546b79eab5d5d4077a) Importer(815301076,1909f56bfc062723c751e8b465ee728b)  -> (artifact id: 'cd62b1990a7b440fe53cad8816b4c4c1') in 0.044985 seconds 
  Import took 0.047871 seconds .

========================================================================
Received Import Request.
  Time since last request: 0.000260 seconds.
  path: Assets/Street_props/Streetlight/Street_Light_01_E.tga
  artifactKey: Guid(90171b35cd0428744808e3fe6c513697) Importer(815301076,1909f56bfc062723c751e8b465ee728b)
Start importing Assets/Street_props/Streetlight/Street_Light_01_E.tga using Guid(90171b35cd0428744808e3fe6c513697) Importer(815301076,1909f56bfc062723c751e8b465ee728b)  -> (artifact id: '31d36cf582bff46923a1abb3ab14b7a6') in 0.023821 seconds 
  Import took 0.025707 seconds .

========================================================================
Received Import Request.
  Time since last request: 0.000205 seconds.
  path: Assets/Street_props/Streetlight/Street_Light_01_4_New_Prefab.prefab
  artifactKey: Guid(2b1651cba65c4a444b1f544b21445d9e) Importer(815301076,1909f56bfc062723c751e8b465ee728b)
Start importing Assets/Street_props/Streetlight/Street_Light_01_4_New_Prefab.prefab using Guid(2b1651cba65c4a444b1f544b21445d9e) Importer(815301076,1909f56bfc062723c751e8b465ee728b)  -> (artifact id: 'e3b3f92991bce5b61d6cfff8434f2703') in 0.040653 seconds 
  Import took 0.043460 seconds .

========================================================================
Received Import Request.
  Time since last request: 0.000221 seconds.
  path: Assets/Street_props/Streetlight/Street_Light_02_2_New_Prefab.prefab
  artifactKey: Guid(4ce4260432c13504e9b3f0870856da39) Importer(815301076,1909f56bfc062723c751e8b465ee728b)
Start importing Assets/Street_props/Streetlight/Street_Light_02_2_New_Prefab.prefab using Guid(4ce4260432c13504e9b3f0870856da39) Importer(815301076,1909f56bfc062723c751e8b465ee728b)  -> (artifact id: 'f11d20c249d82cffefa71c9258391ad7') in 0.036753 seconds 
  Import took 0.038887 seconds .

========================================================================
Received Import Request.
  Time since last request: 0.000177 seconds.
  path: Assets/Street_props/Streetlight/Street_Light_02_3_New_Prefab.prefab
  artifactKey: Guid(23a328b63054aa14391dc3de61ec320f) Importer(815301076,1909f56bfc062723c751e8b465ee728b)
Start importing Assets/Street_props/Streetlight/Street_Light_02_3_New_Prefab.prefab using Guid(23a328b63054aa14391dc3de61ec320f) Importer(815301076,1909f56bfc062723c751e8b465ee728b)  -> (artifact id: 'fc666ef2fff31335e11256760421ac34') in 0.036764 seconds 
  Import took 0.039171 seconds .

========================================================================
Received Import Request.
  Time since last request: 0.000186 seconds.
  path: Assets/Street_props/Streetlight/Street_Light_02_new_e.tga
  artifactKey: Guid(128480d03d27b78438fb327047bbf0b2) Importer(815301076,1909f56bfc062723c751e8b465ee728b)
Start importing Assets/Street_props/Streetlight/Street_Light_02_new_e.tga using Guid(128480d03d27b78438fb327047bbf0b2) Importer(815301076,1909f56bfc062723c751e8b465ee728b)  -> (artifact id: '0d76bb3caa5edb2da0d98733a5c8f611') in 0.022928 seconds 
  Import took 0.024814 seconds .

========================================================================
Received Import Request.
  Time since last request: 0.000193 seconds.
  path: Assets/Street_props/Streetlight/Street_Light_02_old_sg.tga
  artifactKey: Guid(2d9502ae2fa48cb4cbcf37178f34fd43) Importer(815301076,1909f56bfc062723c751e8b465ee728b)
Start importing Assets/Street_props/Streetlight/Street_Light_02_old_sg.tga using Guid(2d9502ae2fa48cb4cbcf37178f34fd43) Importer(815301076,1909f56bfc062723c751e8b465ee728b)  -> (artifact id: 'b354de1a3411be8bc61c8d16750b8823') in 0.023659 seconds 
  Import took 0.025496 seconds .

========================================================================
Received Import Request.
  Time since last request: 0.000154 seconds.
  path: Assets/Street_props/Streetlight/Street_Light_01_5_New_Prefab.prefab
  artifactKey: Guid(9baa02ba35a6ec445b57801bf29befc8) Importer(815301076,1909f56bfc062723c751e8b465ee728b)
Start importing Assets/Street_props/Streetlight/Street_Light_01_5_New_Prefab.prefab using Guid(9baa02ba35a6ec445b57801bf29befc8) Importer(815301076,1909f56bfc062723c751e8b465ee728b)  -> (artifact id: '23927780e813af017a3c65575b1fcc90') in 0.038669 seconds 
  Import took 0.041558 seconds .

========================================================================
Received Import Request.
  Time since last request: 0.000207 seconds.
  path: Assets/Street_props/Streetlight/Street_Light_02_1_New_Prefab.prefab
  artifactKey: Guid(fa9905284a7f3584a992301bd26e9d26) Importer(815301076,1909f56bfc062723c751e8b465ee728b)
Start importing Assets/Street_props/Streetlight/Street_Light_02_1_New_Prefab.prefab using Guid(fa9905284a7f3584a992301bd26e9d26) Importer(815301076,1909f56bfc062723c751e8b465ee728b)  -> (artifact id: 'e992d60563deccf87cabc74c81e4d3c0') in 0.035062 seconds 
  Import took 0.037328 seconds .

========================================================================
Received Import Request.
  Time since last request: 0.000235 seconds.
  path: Assets/Street_props/Streetlight/Street_Light_01_Old_D.tga
  artifactKey: Guid(d3280eb3d83955c40b662c83fe267da0) Importer(815301076,1909f56bfc062723c751e8b465ee728b)
Start importing Assets/Street_props/Streetlight/Street_Light_01_Old_D.tga using Guid(d3280eb3d83955c40b662c83fe267da0) Importer(815301076,1909f56bfc062723c751e8b465ee728b)  -> (artifact id: '60e44fcd8f46267915f877125633f1c3') in 0.029307 seconds 
  Import took 0.031104 seconds .

========================================================================
Received Import Request.
  Time since last request: 0.000203 seconds.
  path: Assets/Street_props/Streetlight/Street_Light_01_5.obj
  artifactKey: Guid(7c32849f49c89304ba717f93d12c535a) Importer(815301076,1909f56bfc062723c751e8b465ee728b)
Start importing Assets/Street_props/Streetlight/Street_Light_01_5.obj using Guid(7c32849f49c89304ba717f93d12c535a) Importer(815301076,1909f56bfc062723c751e8b465ee728b)  -> (artifact id: 'f7f8d620999f65c4228e88d829f94c26') in 0.049156 seconds 
  Import took 0.050909 seconds .

========================================================================
Received Import Request.
  Time since last request: 0.000199 seconds.
  path: Assets/Street_props/Streetlight/Street_Light_01_1_New_Prefab.prefab
  artifactKey: Guid(21444cae0db6580458561743d3c27441) Importer(815301076,1909f56bfc062723c751e8b465ee728b)
Start importing Assets/Street_props/Streetlight/Street_Light_01_1_New_Prefab.prefab using Guid(21444cae0db6580458561743d3c27441) Importer(815301076,1909f56bfc062723c751e8b465ee728b)  -> (artifact id: '1f53ab60a14c697c1f352e17284fccfd') in 0.037248 seconds 
  Import took 0.041183 seconds .

========================================================================
Received Import Request.
  Time since last request: 0.000215 seconds.
  path: Assets/Street_props/Streetlight/Street_Light_01_New_SG.tga
  artifactKey: Guid(53401734ba7e81449b34a9946cfee5f9) Importer(815301076,1909f56bfc062723c751e8b465ee728b)
Start importing Assets/Street_props/Streetlight/Street_Light_01_New_SG.tga using Guid(53401734ba7e81449b34a9946cfee5f9) Importer(815301076,1909f56bfc062723c751e8b465ee728b)  -> (artifact id: 'f93001aca521da35b290647e687e7064') in 0.028076 seconds 
  Import took 0.029969 seconds .

========================================================================
Received Import Request.
  Time since last request: 0.000210 seconds.
  path: Assets/Street_props/Streetlight/Street_Light_01_2_Old_Prefab.prefab
  artifactKey: Guid(fa893b494245d0345912a981a35856f7) Importer(815301076,1909f56bfc062723c751e8b465ee728b)
Start importing Assets/Street_props/Streetlight/Street_Light_01_2_Old_Prefab.prefab using Guid(fa893b494245d0345912a981a35856f7) Importer(815301076,1909f56bfc062723c751e8b465ee728b)  -> (artifact id: 'eea9b2871a6ac301d146f5fcc4136af8') in 0.042149 seconds 
  Import took 0.044936 seconds .

========================================================================
Received Import Request.
  Time since last request: 0.000184 seconds.
  path: Assets/Street_props/Streetlight/Street_Light_02_2_Old_Prefab.prefab
  artifactKey: Guid(892adfd1d84ba4946a416df0d5313940) Importer(815301076,1909f56bfc062723c751e8b465ee728b)
Start importing Assets/Street_props/Streetlight/Street_Light_02_2_Old_Prefab.prefab using Guid(892adfd1d84ba4946a416df0d5313940) Importer(815301076,1909f56bfc062723c751e8b465ee728b)  -> (artifact id: '203db69b0af160ddd5cda85c2d7fc431') in 0.036777 seconds 
  Import took 0.039137 seconds .

========================================================================
Received Import Request.
  Time since last request: 0.000215 seconds.
  path: Assets/Street_props/Streetlight/Street_Light_02_old_d.tga
  artifactKey: Guid(713faf222319ed84e921a4b3ffef7f6e) Importer(815301076,1909f56bfc062723c751e8b465ee728b)
Start importing Assets/Street_props/Streetlight/Street_Light_02_old_d.tga using Guid(713faf222319ed84e921a4b3ffef7f6e) Importer(815301076,1909f56bfc062723c751e8b465ee728b)  -> (artifact id: 'cf82e55980c95a996e209df0a0bf5032') in 0.023136 seconds 
  Import took 0.024917 seconds .

========================================================================
Received Import Request.
  Time since last request: 0.000204 seconds.
  path: Assets/Street_props/Streetlight/Street_Light_02_3_Old_Prefab.prefab
  artifactKey: Guid(0209386ea225fe746a61967a8e9859ca) Importer(815301076,1909f56bfc062723c751e8b465ee728b)
Start importing Assets/Street_props/Streetlight/Street_Light_02_3_Old_Prefab.prefab using Guid(0209386ea225fe746a61967a8e9859ca) Importer(815301076,1909f56bfc062723c751e8b465ee728b)  -> (artifact id: 'ba8fa662ac759ab4f63e14ade231d8aa') in 0.034108 seconds 
  Import took 0.036319 seconds .

========================================================================
Received Import Request.
  Time since last request: 0.000194 seconds.
  path: Assets/Street_props/Streetlight/Street_Light_01_New.mat
  artifactKey: Guid(b07cb45bd3788fe4d8fa6938cde558b3) Importer(815301076,1909f56bfc062723c751e8b465ee728b)
Start importing Assets/Street_props/Streetlight/Street_Light_01_New.mat using Guid(b07cb45bd3788fe4d8fa6938cde558b3) Importer(815301076,1909f56bfc062723c751e8b465ee728b)  -> (artifact id: 'f3306f82677537391ac47be9d28dbc6c') in 0.035300 seconds 
  Import took 0.038324 seconds .

========================================================================
Received Import Request.
  Time since last request: 0.000299 seconds.
  path: Assets/Street_props/Streetlight/Street_Light_01_4.obj
  artifactKey: Guid(2bc706467a651cb4dacc8ecc6eedad80) Importer(815301076,1909f56bfc062723c751e8b465ee728b)
Start importing Assets/Street_props/Streetlight/Street_Light_01_4.obj using Guid(2bc706467a651cb4dacc8ecc6eedad80) Importer(815301076,1909f56bfc062723c751e8b465ee728b)  -> (artifact id: 'cbd4d5768d6f6208c987002c63cef10e') in 0.027687 seconds 
  Import took 0.029593 seconds .

========================================================================
Received Import Request.
  Time since last request: 0.000207 seconds.
  path: Assets/Street_props/Streetlight/Street_Light_01_1_Old_Prefab.prefab
  artifactKey: Guid(9210217faf7d67b44b30c440605d1e5e) Importer(815301076,1909f56bfc062723c751e8b465ee728b)
Start importing Assets/Street_props/Streetlight/Street_Light_01_1_Old_Prefab.prefab using Guid(9210217faf7d67b44b30c440605d1e5e) Importer(815301076,1909f56bfc062723c751e8b465ee728b)  -> (artifact id: 'ba50af7af7a2f094aadd5b13d0caf592') in 0.034196 seconds 
  Import took 0.037138 seconds .

========================================================================
Received Import Request.
  Time since last request: 0.000216 seconds.
  path: Assets/Street_props/Streetlight/Street_Light_02_new_sg.tga
  artifactKey: Guid(d4581295613ad2e49affb4cd0c095d09) Importer(815301076,1909f56bfc062723c751e8b465ee728b)
Start importing Assets/Street_props/Streetlight/Street_Light_02_new_sg.tga using Guid(d4581295613ad2e49affb4cd0c095d09) Importer(815301076,1909f56bfc062723c751e8b465ee728b)  -> (artifact id: 'cc0abe013b7887348e408a726e3b591f') in 0.023147 seconds 
  Import took 0.024944 seconds .

========================================================================
Received Import Request.
  Time since last request: 0.000200 seconds.
  path: Assets/Street_props/Streetlight/Street_Light_02_Old.mat
  artifactKey: Guid(11fb0baf613f33c459e06ff2929658e9) Importer(815301076,1909f56bfc062723c751e8b465ee728b)
Start importing Assets/Street_props/Streetlight/Street_Light_02_Old.mat using Guid(11fb0baf613f33c459e06ff2929658e9) Importer(815301076,1909f56bfc062723c751e8b465ee728b)  -> (artifact id: 'af19417e68d78c3c5ba5d4179cd30bc0') in 0.037906 seconds 
  Import took 0.040151 seconds .

========================================================================
Received Import Request.
  Time since last request: 0.000282 seconds.
  path: Assets/Street_props/Streetlight/Street_Light_01_2.obj
  artifactKey: Guid(38fe5d999c893984392b5e35aa1d69c7) Importer(815301076,1909f56bfc062723c751e8b465ee728b)
Start importing Assets/Street_props/Streetlight/Street_Light_01_2.obj using Guid(38fe5d999c893984392b5e35aa1d69c7) Importer(815301076,1909f56bfc062723c751e8b465ee728b)  -> (artifact id: '4e223149ef201eb255047b027e3f9f2b') in 0.038090 seconds 
  Import took 0.039881 seconds .

========================================================================
Received Import Request.
  Time since last request: 0.000298 seconds.
  path: Assets/Street_props/Streetlight/Street_Light_01_Old.mat
  artifactKey: Guid(a28f599a3506b854a9ca1d746d221038) Importer(815301076,1909f56bfc062723c751e8b465ee728b)
Start importing Assets/Street_props/Streetlight/Street_Light_01_Old.mat using Guid(a28f599a3506b854a9ca1d746d221038) Importer(815301076,1909f56bfc062723c751e8b465ee728b)  -> (artifact id: '36f105b686ca5c308d866c89002159ca') in 0.043228 seconds 
  Import took 0.046290 seconds .

========================================================================
Received Import Request.
  Time since last request: 0.000238 seconds.
  path: Assets/Street_props/Streetlight/Street_light_02_3.obj
  artifactKey: Guid(09032e1de9da03c4e8ef383fd29b41ce) Importer(815301076,1909f56bfc062723c751e8b465ee728b)
Start importing Assets/Street_props/Streetlight/Street_light_02_3.obj using Guid(09032e1de9da03c4e8ef383fd29b41ce) Importer(815301076,1909f56bfc062723c751e8b465ee728b)  -> (artifact id: '08d841ffc742e3c072569c7f60ec9f7b') in 0.027477 seconds 
  Import took 0.029466 seconds .

========================================================================
Received Import Request.
  Time since last request: 0.000202 seconds.
  path: Assets/Street_props/Streetlight/Street_Light_01_2_New_Prefab.prefab
  artifactKey: Guid(c9616dfdd1f6f844b96359919b40d4d4) Importer(815301076,1909f56bfc062723c751e8b465ee728b)
Start importing Assets/Street_props/Streetlight/Street_Light_01_2_New_Prefab.prefab using Guid(c9616dfdd1f6f844b96359919b40d4d4) Importer(815301076,1909f56bfc062723c751e8b465ee728b)  -> (artifact id: '851206e88639b406beb4c43a15c8e5b0') in 0.033078 seconds 
  Import took 0.036184 seconds .

========================================================================
Received Import Request.
  Time since last request: 0.000269 seconds.
  path: Assets/Street_props/Streetlight/Street_Light_01_3.obj
  artifactKey: Guid(7a35cd411beaae143a00cb9d423ae0b2) Importer(815301076,1909f56bfc062723c751e8b465ee728b)
Start importing Assets/Street_props/Streetlight/Street_Light_01_3.obj using Guid(7a35cd411beaae143a00cb9d423ae0b2) Importer(815301076,1909f56bfc062723c751e8b465ee728b)  -> (artifact id: 'f45a36929d35890959efc47460e722c3') in 0.042254 seconds 
  Import took 0.044318 seconds .

========================================================================
Received Import Request.
  Time since last request: 0.000227 seconds.
  path: Assets/Street_props/Streetlight/Street_Light_01_3_New_Prefab.prefab
  artifactKey: Guid(ccfacf6dc656b5941819ab0c7d03aa16) Importer(815301076,1909f56bfc062723c751e8b465ee728b)
Start importing Assets/Street_props/Streetlight/Street_Light_01_3_New_Prefab.prefab using Guid(ccfacf6dc656b5941819ab0c7d03aa16) Importer(815301076,1909f56bfc062723c751e8b465ee728b)  -> (artifact id: 'ca537939741e778412118e728fecee61') in 0.041410 seconds 
  Import took 0.044367 seconds .

========================================================================
Received Import Request.
  Time since last request: 0.000187 seconds.
  path: Assets/Street_props/Streetlight/Street_Light_01_New_D.tga
  artifactKey: Guid(3df01db33fc85ec4d89da6b02fcd2c5f) Importer(815301076,1909f56bfc062723c751e8b465ee728b)
Start importing Assets/Street_props/Streetlight/Street_Light_01_New_D.tga using Guid(3df01db33fc85ec4d89da6b02fcd2c5f) Importer(815301076,1909f56bfc062723c751e8b465ee728b)  -> (artifact id: 'ce18f4aab3fca797984e3588bca1f991') in 0.027662 seconds 
  Import took 0.029431 seconds .

========================================================================
Received Import Request.
  Time since last request: 0.000167 seconds.
  path: Assets/Street_props/Streetlight/Street_light_02_1.obj
  artifactKey: Guid(344f97585df6cbc4b936f388933f7ab0) Importer(815301076,1909f56bfc062723c751e8b465ee728b)
Start importing Assets/Street_props/Streetlight/Street_light_02_1.obj using Guid(344f97585df6cbc4b936f388933f7ab0) Importer(815301076,1909f56bfc062723c751e8b465ee728b)  -> (artifact id: '0b012095891a44ec98741637115094ee') in 0.066727 seconds 
  Import took 0.068475 seconds .

========================================================================
Received Import Request.
  Time since last request: 0.000254 seconds.
  path: Assets/Street_props/Streetlight/Street_Light_01_1.obj
  artifactKey: Guid(1f2a8d80d8c91c2478184da3fe2ca12e) Importer(815301076,1909f56bfc062723c751e8b465ee728b)
Start importing Assets/Street_props/Streetlight/Street_Light_01_1.obj using Guid(1f2a8d80d8c91c2478184da3fe2ca12e) Importer(815301076,1909f56bfc062723c751e8b465ee728b)  -> (artifact id: '6a1d3a32de7ea48a57aa53d924f66a05') in 0.033906 seconds 
  Import took 0.035652 seconds .

========================================================================
Received Import Request.
  Time since last request: 0.000219 seconds.
  path: Assets/Street_props/Streetlight/Street_Light_01_N.tga
  artifactKey: Guid(f2211e6bbf0d4284b94d90dcc803bbce) Importer(815301076,1909f56bfc062723c751e8b465ee728b)
Start importing Assets/Street_props/Streetlight/Street_Light_01_N.tga using Guid(f2211e6bbf0d4284b94d90dcc803bbce) Importer(815301076,1909f56bfc062723c751e8b465ee728b)  -> (artifact id: '6e5520ccac66eafe93ced3daa5c4dc51') in 0.025839 seconds 
  Import took 0.027573 seconds .

========================================================================
Received Import Request.
  Time since last request: 0.000151 seconds.
  path: Assets/Street_props/Streetlight/Street_light_02_2.obj
  artifactKey: Guid(62603d3d90b485e40bbfcc1fd50d128b) Importer(815301076,1909f56bfc062723c751e8b465ee728b)
Start importing Assets/Street_props/Streetlight/Street_light_02_2.obj using Guid(62603d3d90b485e40bbfcc1fd50d128b) Importer(815301076,1909f56bfc062723c751e8b465ee728b)  -> (artifact id: '3c95e3ec358ed9772735c0050e63c28b') in 0.037177 seconds 
  Import took 0.038953 seconds .

========================================================================
Received Import Request.
  Time since last request: 0.000227 seconds.
  path: Assets/Street_props/Streetlight/Street_Light_01_Old_SG.tga
  artifactKey: Guid(da0d959150fa72744bea09071fa7e7d1) Importer(815301076,1909f56bfc062723c751e8b465ee728b)
Start importing Assets/Street_props/Streetlight/Street_Light_01_Old_SG.tga using Guid(da0d959150fa72744bea09071fa7e7d1) Importer(815301076,1909f56bfc062723c751e8b465ee728b)  -> (artifact id: 'a9e3f8a147763c8461aa46834bd55aea') in 0.030340 seconds 
  Import took 0.031994 seconds .

AssetImportWorkerClient::OnTransportError - code=2 error=End of file
